0 info it worked if it ends with ok
1 verbose cli [ 'D:\\nodejs_6.9.2\\node.exe',
1 verbose cli   'D:\\nodejs_6.9.2\\node_modules\\npm\\bin\\npm-cli.js',
1 verbose cli   'run',
1 verbose cli   'start' ]
2 info using npm@3.10.9
3 info using node@v6.9.2
4 verbose run-script [ 'prestart', 'start', 'poststart' ]
5 info lifecycle node-20170303@0.0.0~prestart: node-20170303@0.0.0
6 silly lifecycle node-20170303@0.0.0~prestart: no script for prestart, continuing
7 info lifecycle node-20170303@0.0.0~start: node-20170303@0.0.0
8 verbose lifecycle node-20170303@0.0.0~start: unsafe-perm in lifecycle true
9 verbose lifecycle node-20170303@0.0.0~start: PATH: D:\nodejs_6.9.2\node_modules\npm\bin\node-gyp-bin;D:\workspace\node_20170303\node_modules\.bin;C:\ProgramData\Oracle\Java\javapath;C:\WINDOWS\system32;C:\WINDOWS;C:\WINDOWS\System32\Wbem;C:\WINDOWS\System32\WindowsPowerShell\v1.0\;C:\Program Files\Java\jdk1.8.0_74\bin;D:\Git\cmd;D:\gradle-2.12\bin;D:\nodejs;d:\nodejs\bin;C:\Users\Mars\AppData\Roaming\npm\node_modules;D:\android-sdk\tools;D:\phantomjs-1.9.7-windows;D:\Python27\python;d:\cmder_mini;d:\Ruby23-x64\bin;C:\Program Files\Lenovo\Bluetooth Software\;C:\Program Files\Lenovo\Bluetooth Software\syswow64;d:\Tesseract-OCR;D:\curl;C:\ProgramData\chocolatey\bin;d:\OpenSSH\bin;D:\nodejs_6.9.2\;D:\Python27\python;d:\Git\cmd;C:\Users\Mars\AppData\Local\Microsoft\WindowsApps;C:\Users\Mars\AppData\Roaming\npm
10 verbose lifecycle node-20170303@0.0.0~start: CWD: D:\workspace\node_20170303
11 silly lifecycle node-20170303@0.0.0~start: Args: [ '/d /s /c', 'node ./bin/www' ]
12 silly lifecycle node-20170303@0.0.0~start: Returned: code: 1073807364  signal: null
13 info lifecycle node-20170303@0.0.0~start: Failed to exec start script
14 verbose stack Error: node-20170303@0.0.0 start: `node ./bin/www`
14 verbose stack Exit status 1073807364
14 verbose stack     at EventEmitter.<anonymous> (D:\nodejs_6.9.2\node_modules\npm\lib\utils\lifecycle.js:255:16)
14 verbose stack     at emitTwo (events.js:106:13)
14 verbose stack     at EventEmitter.emit (events.js:191:7)
14 verbose stack     at ChildProcess.<anonymous> (D:\nodejs_6.9.2\node_modules\npm\lib\utils\spawn.js:40:14)
14 verbose stack     at emitTwo (events.js:106:13)
14 verbose stack     at ChildProcess.emit (events.js:191:7)
14 verbose stack     at maybeClose (internal/child_process.js:877:16)
14 verbose stack     at Process.ChildProcess._handle.onexit (internal/child_process.js:226:5)
15 verbose pkgid node-20170303@0.0.0
16 verbose cwd D:\workspace\node_20170303
17 error Windows_NT 10.0.14393
18 error argv "D:\\nodejs_6.9.2\\node.exe" "D:\\nodejs_6.9.2\\node_modules\\npm\\bin\\npm-cli.js" "run" "start"
19 error node v6.9.2
20 error npm  v3.10.9
21 error code ELIFECYCLE
22 error node-20170303@0.0.0 start: `node ./bin/www`
22 error Exit status 1073807364
23 error Failed at the node-20170303@0.0.0 start script 'node ./bin/www'.
23 error Make sure you have the latest version of node.js and npm installed.
23 error If you do, this is most likely a problem with the node-20170303 package,
23 error not with npm itself.
23 error Tell the author that this fails on your system:
23 error     node ./bin/www
23 error You can get information on how to open an issue for this project with:
23 error     npm bugs node-20170303
23 error Or if that isn't available, you can get their info via:
23 error     npm owner ls node-20170303
23 error There is likely additional logging output above.
24 verbose exit [ 1, true ]
